android/app/build/intermediates/manifest_merge_blame_file/release/processReleaseMainManifest/manifest-merger-blame-release-report.txt
1<?xml version="1.0" encoding="utf-8"?>
2<manifest xmlns:android="http://schemas.android.com/apk/res/android"
3    package="com.schemewise.app"
4    android:versionCode="1"
5    android:versionName="1.0.0" >
6
7    <uses-sdk
8        android:minSdkVersion="26"
9        android:targetSdkVersion="34" />
10
11    <uses-permission android:name="android.permission.INTERNET" />
11-->src\main\AndroidManifest.xml:4:5-67
11-->src\main\AndroidManifest.xml:4:22-64
12    <uses-permission android:name="android.permission.ACCESS_NETWORK_STATE" />
12-->src\main\AndroidManifest.xml:5:5-79
12-->src\main\AndroidManifest.xml:5:22-76
13    <uses-permission android:name="com.android.vending.BILLING" />
13-->[com.android.billingclient:billing-ktx:6.1.0] AndroidManifest.xml:9:5-67
13-->[com.android.billingclient:billing-ktx:6.1.0] AndroidManifest.xml:9:22-64
14
15    <queries>
15-->[com.android.billingclient:billing:6.1.0] AndroidManifest.xml:12:5-16:15
16        <intent>
16-->[com.android.billingclient:billing:6.1.0] AndroidManifest.xml:13:9-15:18
17            <action android:name="com.android.vending.billing.InAppBillingService.BIND" />
17-->[com.android.billingclient:billing:6.1.0] AndroidManifest.xml:14:13-91
17-->[com.android.billingclient:billing:6.1.0] AndroidManifest.xml:14:21-88
18        </intent>
19    </queries>
20
21    <uses-permission android:name="android.permission.WAKE_LOCK" />
21-->[androidx.work:work-runtime:2.9.0] AndroidManifest.xml:23:5-68
21-->[androidx.work:work-runtime:2.9.0] AndroidManifest.xml:23:22-65
22    <uses-permission android:name="android.permission.RECEIVE_BOOT_COMPLETED" />
22-->[androidx.work:work-runtime:2.9.0] AndroidManifest.xml:25:5-81
22-->[androidx.work:work-runtime:2.9.0] AndroidManifest.xml:25:22-78
23    <uses-permission android:name="android.permission.FOREGROUND_SERVICE" />
23-->[androidx.work:work-runtime:2.9.0] AndroidManifest.xml:26:5-77
23-->[androidx.work:work-runtime:2.9.0] AndroidManifest.xml:26:22-74
24
25    <permission
25-->[androidx.core:core:1.13.1] AndroidManifest.xml:22:5-24:47
26        android:name="com.schemewise.app.DYNAMIC_RECEIVER_NOT_EXPORTED_PERMISSION"
26-->[androidx.core:core:1.13.1] AndroidManifest.xml:23:9-81
27        android:protectionLevel="signature" />
27-->[androidx.core:core:1.13.1] AndroidManifest.xml:24:9-44
28
29    <uses-permission android:name="com.schemewise.app.DYNAMIC_RECEIVER_NOT_EXPORTED_PERMISSION" />
29-->[androidx.core:core:1.13.1] AndroidManifest.xml:26:5-97
29-->[androidx.core:core:1.13.1] AndroidManifest.xml:26:22-94
30    <uses-permission android:name="android.permission.CAMERA" /> <!-- Don't require camera, as this requires a rear camera. This allows it to work on the Nexus 7 -->
30-->[com.journeyapps:zxing-android-embedded:4.3.0] AndroidManifest.xml:22:5-65
30-->[com.journeyapps:zxing-android-embedded:4.3.0] AndroidManifest.xml:22:22-62
31    <uses-feature
31-->[com.journeyapps:zxing-android-embedded:4.3.0] AndroidManifest.xml:25:5-27:36
32        android:name="android.hardware.camera"
32-->[com.journeyapps:zxing-android-embedded:4.3.0] AndroidManifest.xml:26:9-47
33        android:required="false" />
33-->[com.journeyapps:zxing-android-embedded:4.3.0] AndroidManifest.xml:27:9-33
34    <uses-feature
34-->[com.journeyapps:zxing-android-embedded:4.3.0] AndroidManifest.xml:28:5-30:36
35        android:name="android.hardware.camera.front"
35-->[com.journeyapps:zxing-android-embedded:4.3.0] AndroidManifest.xml:29:9-53
36        android:required="false" /> <!-- TODO replace above two with next line after Android 4.2 -->
36-->[com.journeyapps:zxing-android-embedded:4.3.0] AndroidManifest.xml:30:9-33
37    <!-- <uses-feature android:name="android.hardware.camera.any"/> -->
38    <uses-feature
38-->[com.journeyapps:zxing-android-embedded:4.3.0] AndroidManifest.xml:33:5-35:36
39        android:name="android.hardware.camera.autofocus"
39-->[com.journeyapps:zxing-android-embedded:4.3.0] AndroidManifest.xml:34:9-57
40        android:required="false" />
40-->[com.journeyapps:zxing-android-embedded:4.3.0] AndroidManifest.xml:35:9-33
41    <uses-feature
41-->[com.journeyapps:zxing-android-embedded:4.3.0] AndroidManifest.xml:36:5-38:36
42        android:name="android.hardware.camera.flash"
42-->[com.journeyapps:zxing-android-embedded:4.3.0] AndroidManifest.xml:37:9-53
43        android:required="false" />
43-->[com.journeyapps:zxing-android-embedded:4.3.0] AndroidManifest.xml:38:9-33
44    <uses-feature
44-->[com.journeyapps:zxing-android-embedded:4.3.0] AndroidManifest.xml:39:5-41:36
45        android:name="android.hardware.screen.landscape"
45-->[com.journeyapps:zxing-android-embedded:4.3.0] AndroidManifest.xml:40:9-57
46        android:required="false" />
46-->[com.journeyapps:zxing-android-embedded:4.3.0] AndroidManifest.xml:41:9-33
47    <uses-feature
47-->[com.journeyapps:zxing-android-embedded:4.3.0] AndroidManifest.xml:42:5-44:36
48        android:name="android.hardware.wifi"
48-->[com.journeyapps:zxing-android-embedded:4.3.0] AndroidManifest.xml:43:9-45
49        android:required="false" />
49-->[com.journeyapps:zxing-android-embedded:4.3.0] AndroidManifest.xml:44:9-33
50
51    <application
51-->src\main\AndroidManifest.xml:7:5-43:19
52        android:name="com.schemewise.app.SchemeWiseApp"
52-->src\main\AndroidManifest.xml:8:9-38
53        android:allowBackup="true"
53-->src\main\AndroidManifest.xml:9:9-35
54        android:appComponentFactory="androidx.core.app.CoreComponentFactory"
54-->[androidx.core:core:1.13.1] AndroidManifest.xml:28:18-86
55        android:extractNativeLibs="false"
56        android:icon="@mipmap/ic_launcher"
56-->src\main\AndroidManifest.xml:10:9-43
57        android:label="@string/app_name"
57-->src\main\AndroidManifest.xml:12:9-41
58        android:roundIcon="@mipmap/ic_launcher_round"
58-->src\main\AndroidManifest.xml:11:9-54
59        android:supportsRtl="true"
59-->src\main\AndroidManifest.xml:13:9-35
60        android:theme="@style/Theme.SchemeWise"
60-->src\main\AndroidManifest.xml:14:9-48
61        android:usesCleartextTraffic="true" >
61-->src\main\AndroidManifest.xml:15:9-44
62        <activity
62-->src\main\AndroidManifest.xml:17:9-36:20
63            android:name="com.schemewise.app.MainActivity"
63-->src\main\AndroidManifest.xml:18:13-41
64            android:exported="true"
64-->src\main\AndroidManifest.xml:19:13-36
65            android:theme="@style/Theme.SchemeWise"
65-->src\main\AndroidManifest.xml:21:13-52
66            android:windowSoftInputMode="adjustResize" >
66-->src\main\AndroidManifest.xml:20:13-55
67            <intent-filter>
67-->src\main\AndroidManifest.xml:22:13-25:29
68                <action android:name="android.intent.action.MAIN" />
68-->src\main\AndroidManifest.xml:23:17-69
68-->src\main\AndroidManifest.xml:23:25-66
69
70                <category android:name="android.intent.category.LAUNCHER" />
70-->src\main\AndroidManifest.xml:24:17-77
70-->src\main\AndroidManifest.xml:24:27-74
71            </intent-filter>
72
73            <!-- Deep Linking for Authentication Links -->
74            <intent-filter android:autoVerify="false" >
74-->src\main\AndroidManifest.xml:28:13-35:29
74-->src\main\AndroidManifest.xml:28:28-54
75                <action android:name="android.intent.action.VIEW" />
75-->src\main\AndroidManifest.xml:29:17-69
75-->src\main\AndroidManifest.xml:29:25-66
76
77                <category android:name="android.intent.category.DEFAULT" />
77-->src\main\AndroidManifest.xml:30:17-76
77-->src\main\AndroidManifest.xml:30:27-73
78                <category android:name="android.intent.category.BROWSABLE" />
78-->src\main\AndroidManifest.xml:31:17-78
78-->src\main\AndroidManifest.xml:31:27-75
79
80                <data
80-->src\main\AndroidManifest.xml:32:17-98
81                    android:host="180.235.121.245"
81-->src\main\AndroidManifest.xml:32:45-75
82                    android:port="5173"
82-->src\main\AndroidManifest.xml:32:76-95
83                    android:scheme="http" />
83-->src\main\AndroidManifest.xml:32:23-44
84                <data
84-->src\main\AndroidManifest.xml:32:17-98
85                    android:host="localhost"
85-->src\main\AndroidManifest.xml:32:45-75
86                    android:port="5173"
86-->src\main\AndroidManifest.xml:32:76-95
87                    android:scheme="http" />
87-->src\main\AndroidManifest.xml:32:23-44
88                <data android:pathPrefix="/reset-password" />
88-->src\main\AndroidManifest.xml:32:17-98
88-->src\main\AndroidManifest.xml:34:23-59
89            </intent-filter>
90        </activity>
91        <activity
91-->src\main\AndroidManifest.xml:38:9-41:55
92            android:name="com.schemewise.app.SubscriptionActivity"
92-->src\main\AndroidManifest.xml:39:13-49
93            android:exported="false"
93-->src\main\AndroidManifest.xml:40:13-37
94            android:theme="@style/Theme.SchemeWise" />
94-->src\main\AndroidManifest.xml:41:13-52
95
96        <meta-data
96-->[com.android.billingclient:billing:6.1.0] AndroidManifest.xml:19:9-21:37
97            android:name="com.google.android.play.billingclient.version"
97-->[com.android.billingclient:billing:6.1.0] AndroidManifest.xml:20:13-73
98            android:value="6.1.0" />
98-->[com.android.billingclient:billing:6.1.0] AndroidManifest.xml:21:13-34
99
100        <activity
100-->[com.android.billingclient:billing:6.1.0] AndroidManifest.xml:23:9-27:75
101            android:name="com.android.billingclient.api.ProxyBillingActivity"
101-->[com.android.billingclient:billing:6.1.0] AndroidManifest.xml:24:13-78
102            android:configChanges="keyboard|keyboardHidden|screenLayout|screenSize|orientation"
102-->[com.android.billingclient:billing:6.1.0] AndroidManifest.xml:25:13-96
103            android:exported="false"
103-->[com.android.billingclient:billing:6.1.0] AndroidManifest.xml:26:13-37
104            android:theme="@android:style/Theme.Translucent.NoTitleBar" />
104-->[com.android.billingclient:billing:6.1.0] AndroidManifest.xml:27:13-72
105        <activity
105-->[com.google.android.gms:play-services-base:18.0.1] AndroidManifest.xml:20:9-22:45
106            android:name="com.google.android.gms.common.api.GoogleApiActivity"
106-->[com.google.android.gms:play-services-base:18.0.1] AndroidManifest.xml:20:19-85
107            android:exported="false"
107-->[com.google.android.gms:play-services-base:18.0.1] AndroidManifest.xml:22:19-43
108            android:theme="@android:style/Theme.Translucent.NoTitleBar" />
108-->[com.google.android.gms:play-services-base:18.0.1] AndroidManifest.xml:21:19-78
109
110        <meta-data
110-->[com.google.android.gms:play-services-basement:18.0.1] AndroidManifest.xml:21:9-23:69
111            android:name="com.google.android.gms.version"
111-->[com.google.android.gms:play-services-basement:18.0.1] AndroidManifest.xml:22:13-58
112            android:value="@integer/google_play_services_version" />
112-->[com.google.android.gms:play-services-basement:18.0.1] AndroidManifest.xml:23:13-66
113
114        <provider
114-->[androidx.work:work-runtime:2.9.0] AndroidManifest.xml:29:9-37:20
115            android:name="androidx.startup.InitializationProvider"
115-->[androidx.work:work-runtime:2.9.0] AndroidManifest.xml:30:13-67
116            android:authorities="com.schemewise.app.androidx-startup"
116-->[androidx.work:work-runtime:2.9.0] AndroidManifest.xml:31:13-68
117            android:exported="false" >
117-->[androidx.work:work-runtime:2.9.0] AndroidManifest.xml:32:13-37
118            <meta-data
118-->[androidx.work:work-runtime:2.9.0] AndroidManifest.xml:34:13-36:52
119                android:name="androidx.work.WorkManagerInitializer"
119-->[androidx.work:work-runtime:2.9.0] AndroidManifest.xml:35:17-68
120                android:value="androidx.startup" />
120-->[androidx.work:work-runtime:2.9.0] AndroidManifest.xml:36:17-49
121            <meta-data
121-->[androidx.lifecycle:lifecycle-process:2.8.3] AndroidManifest.xml:29:13-31:52
122                android:name="androidx.lifecycle.ProcessLifecycleInitializer"
122-->[androidx.lifecycle:lifecycle-process:2.8.3] AndroidManifest.xml:30:17-78
123                android:value="androidx.startup" />
123-->[androidx.lifecycle:lifecycle-process:2.8.3] AndroidManifest.xml:31:17-49
124            <meta-data
124-->[androidx.emoji2:emoji2:1.3.0] AndroidManifest.xml:29:13-31:52
125                android:name="androidx.emoji2.text.EmojiCompatInitializer"
125-->[androidx.emoji2:emoji2:1.3.0] AndroidManifest.xml:30:17-75
126                android:value="androidx.startup" />
126-->[androidx.emoji2:emoji2:1.3.0] AndroidManifest.xml:31:17-49
127            <meta-data
127-->[androidx.profileinstaller:profileinstaller:1.3.1] AndroidManifest.xml:29:13-31:52
128                android:name="androidx.profileinstaller.ProfileInstallerInitializer"
128-->[androidx.profileinstaller:profileinstaller:1.3.1] AndroidManifest.xml:30:17-85
129                android:value="androidx.startup" />
129-->[androidx.profileinstaller:profileinstaller:1.3.1] AndroidManifest.xml:31:17-49
130        </provider>
131
132        <service
132-->[androidx.work:work-runtime:2.9.0] AndroidManifest.xml:39:9-45:35
133            android:name="androidx.work.impl.background.systemalarm.SystemAlarmService"
133-->[androidx.work:work-runtime:2.9.0] AndroidManifest.xml:40:13-88
134            android:directBootAware="false"
134-->[androidx.work:work-runtime:2.9.0] AndroidManifest.xml:41:13-44
135            android:enabled="@bool/enable_system_alarm_service_default"
135-->[androidx.work:work-runtime:2.9.0] AndroidManifest.xml:42:13-72
136            android:exported="false" />
136-->[androidx.work:work-runtime:2.9.0] AndroidManifest.xml:43:13-37
137        <service
137-->[androidx.work:work-runtime:2.9.0] AndroidManifest.xml:46:9-52:35
138            android:name="androidx.work.impl.background.systemjob.SystemJobService"
138-->[androidx.work:work-runtime:2.9.0] AndroidManifest.xml:47:13-84
139            android:directBootAware="false"
139-->[androidx.work:work-runtime:2.9.0] AndroidManifest.xml:48:13-44
140            android:enabled="@bool/enable_system_job_service_default"
140-->[androidx.work:work-runtime:2.9.0] AndroidManifest.xml:49:13-70
141            android:exported="true"
141-->[androidx.work:work-runtime:2.9.0] AndroidManifest.xml:50:13-36
142            android:permission="android.permission.BIND_JOB_SERVICE" />
142-->[androidx.work:work-runtime:2.9.0] AndroidManifest.xml:51:13-69
143        <service
143-->[androidx.work:work-runtime:2.9.0] AndroidManifest.xml:53:9-59:35
144            android:name="androidx.work.impl.foreground.SystemForegroundService"
144-->[androidx.work:work-runtime:2.9.0] AndroidManifest.xml:54:13-81
145            android:directBootAware="false"
145-->[androidx.work:work-runtime:2.9.0] AndroidManifest.xml:55:13-44
146            android:enabled="@bool/enable_system_foreground_service_default"
146-->[androidx.work:work-runtime:2.9.0] AndroidManifest.xml:56:13-77
147            android:exported="false" />
147-->[androidx.work:work-runtime:2.9.0] AndroidManifest.xml:57:13-37
148
149        <receiver
149-->[androidx.work:work-runtime:2.9.0] AndroidManifest.xml:61:9-66:35
150            android:name="androidx.work.impl.utils.ForceStopRunnable$BroadcastReceiver"
150-->[androidx.work:work-runtime:2.9.0] AndroidManifest.xml:62:13-88
151            android:directBootAware="false"
151-->[androidx.work:work-runtime:2.9.0] AndroidManifest.xml:63:13-44
152            android:enabled="true"
152-->[androidx.work:work-runtime:2.9.0] AndroidManifest.xml:64:13-35
153            android:exported="false" />
153-->[androidx.work:work-runtime:2.9.0] AndroidManifest.xml:65:13-37
154        <receiver
154-->[androidx.work:work-runtime:2.9.0] AndroidManifest.xml:67:9-77:20
155            android:name="androidx.work.impl.background.systemalarm.ConstraintProxy$BatteryChargingProxy"
155-->[androidx.work:work-runtime:2.9.0] AndroidManifest.xml:68:13-106
156            android:directBootAware="false"
156-->[androidx.work:work-runtime:2.9.0] AndroidManifest.xml:69:13-44
157            android:enabled="false"
157-->[androidx.work:work-runtime:2.9.0] AndroidManifest.xml:70:13-36
158            android:exported="false" >
158-->[androidx.work:work-runtime:2.9.0] AndroidManifest.xml:71:13-37
159            <intent-filter>
159-->[androidx.work:work-runtime:2.9.0] AndroidManifest.xml:73:13-76:29
160                <action android:name="android.intent.action.ACTION_POWER_CONNECTED" />
160-->[androidx.work:work-runtime:2.9.0] AndroidManifest.xml:74:17-87
160-->[androidx.work:work-runtime:2.9.0] AndroidManifest.xml:74:25-84
161                <action android:name="android.intent.action.ACTION_POWER_DISCONNECTED" />
161-->[androidx.work:work-runtime:2.9.0] AndroidManifest.xml:75:17-90
161-->[androidx.work:work-runtime:2.9.0] AndroidManifest.xml:75:25-87
162            </intent-filter>
163        </receiver>
164        <receiver
164-->[androidx.work:work-runtime:2.9.0] AndroidManifest.xml:78:9-88:20
165            android:name="androidx.work.impl.background.systemalarm.ConstraintProxy$BatteryNotLowProxy"
165-->[androidx.work:work-runtime:2.9.0] AndroidManifest.xml:79:13-104
166            android:directBootAware="false"
166-->[androidx.work:work-runtime:2.9.0] AndroidManifest.xml:80:13-44
167            android:enabled="false"
167-->[androidx.work:work-runtime:2.9.0] AndroidManifest.xml:81:13-36
168            android:exported="false" >
168-->[androidx.work:work-runtime:2.9.0] AndroidManifest.xml:82:13-37
169            <intent-filter>
169-->[androidx.work:work-runtime:2.9.0] AndroidManifest.xml:84:13-87:29
170                <action android:name="android.intent.action.BATTERY_OKAY" />
170-->[androidx.work:work-runtime:2.9.0] AndroidManifest.xml:85:17-77
170-->[androidx.work:work-runtime:2.9.0] AndroidManifest.xml:85:25-74
171                <action android:name="android.intent.action.BATTERY_LOW" />
171-->[androidx.work:work-runtime:2.9.0] AndroidManifest.xml:86:17-76
171-->[androidx.work:work-runtime:2.9.0] AndroidManifest.xml:86:25-73
172            </intent-filter>
173        </receiver>
174        <receiver
174-->[androidx.work:work-runtime:2.9.0] AndroidManifest.xml:89:9-99:20
175            android:name="androidx.work.impl.background.systemalarm.ConstraintProxy$StorageNotLowProxy"
175-->[androidx.work:work-runtime:2.9.0] AndroidManifest.xml:90:13-104
176            android:directBootAware="false"
176-->[androidx.work:work-runtime:2.9.0] AndroidManifest.xml:91:13-44
177            android:enabled="false"
177-->[androidx.work:work-runtime:2.9.0] AndroidManifest.xml:92:13-36
178            android:exported="false" >
178-->[androidx.work:work-runtime:2.9.0] AndroidManifest.xml:93:13-37
179            <intent-filter>
179-->[androidx.work:work-runtime:2.9.0] AndroidManifest.xml:95:13-98:29
180                <action android:name="android.intent.action.DEVICE_STORAGE_LOW" />
180-->[androidx.work:work-runtime:2.9.0] AndroidManifest.xml:96:17-83
180-->[androidx.work:work-runtime:2.9.0] AndroidManifest.xml:96:25-80
181                <action android:name="android.intent.action.DEVICE_STORAGE_OK" />
181-->[androidx.work:work-runtime:2.9.0] AndroidManifest.xml:97:17-82
181-->[androidx.work:work-runtime:2.9.0] AndroidManifest.xml:97:25-79
182            </intent-filter>
183        </receiver>
184        <receiver
184-->[androidx.work:work-runtime:2.9.0] AndroidManifest.xml:100:9-109:20
185            android:name="androidx.work.impl.background.systemalarm.ConstraintProxy$NetworkStateProxy"
185-->[androidx.work:work-runtime:2.9.0] AndroidManifest.xml:101:13-103
186            android:directBootAware="false"
186-->[androidx.work:work-runtime:2.9.0] AndroidManifest.xml:102:13-44
187            android:enabled="false"
187-->[androidx.work:work-runtime:2.9.0] AndroidManifest.xml:103:13-36
188            android:exported="false" >
188-->[androidx.work:work-runtime:2.9.0] AndroidManifest.xml:104:13-37
189            <intent-filter>
189-->[androidx.work:work-runtime:2.9.0] AndroidManifest.xml:106:13-108:29
190                <action android:name="android.net.conn.CONNECTIVITY_CHANGE" />
190-->[androidx.work:work-runtime:2.9.0] AndroidManifest.xml:107:17-79
190-->[androidx.work:work-runtime:2.9.0] AndroidManifest.xml:107:25-76
191            </intent-filter>
192        </receiver>
193        <receiver
193-->[androidx.work:work-runtime:2.9.0] AndroidManifest.xml:110:9-121:20
194            android:name="androidx.work.impl.background.systemalarm.RescheduleReceiver"
194-->[androidx.work:work-runtime:2.9.0] AndroidManifest.xml:111:13-88
195            android:directBootAware="false"
195-->[androidx.work:work-runtime:2.9.0] AndroidManifest.xml:112:13-44
196            android:enabled="false"
196-->[androidx.work:work-runtime:2.9.0] AndroidManifest.xml:113:13-36
197            android:exported="false" >
197-->[androidx.work:work-runtime:2.9.0] AndroidManifest.xml:114:13-37
198            <intent-filter>
198-->[androidx.work:work-runtime:2.9.0] AndroidManifest.xml:116:13-120:29
199                <action android:name="android.intent.action.BOOT_COMPLETED" />
199-->[androidx.work:work-runtime:2.9.0] AndroidManifest.xml:117:17-79
199-->[androidx.work:work-runtime:2.9.0] AndroidManifest.xml:117:25-76
200                <action android:name="android.intent.action.TIME_SET" />
200-->[androidx.work:work-runtime:2.9.0] AndroidManifest.xml:118:17-73
200-->[androidx.work:work-runtime:2.9.0] AndroidManifest.xml:118:25-70
201                <action android:name="android.intent.action.TIMEZONE_CHANGED" />
201-->[androidx.work:work-runtime:2.9.0] AndroidManifest.xml:119:17-81
201-->[androidx.work:work-runtime:2.9.0] AndroidManifest.xml:119:25-78
202            </intent-filter>
203        </receiver>
204        <receiver
204-->[androidx.work:work-runtime:2.9.0] AndroidManifest.xml:122:9-131:20
205            android:name="androidx.work.impl.background.systemalarm.ConstraintProxyUpdateReceiver"
205-->[androidx.work:work-runtime:2.9.0] AndroidManifest.xml:123:13-99
206            android:directBootAware="false"
206-->[androidx.work:work-runtime:2.9.0] AndroidManifest.xml:124:13-44
207            android:enabled="@bool/enable_system_alarm_service_default"
207-->[androidx.work:work-runtime:2.9.0] AndroidManifest.xml:125:13-72
208            android:exported="false" >
208-->[androidx.work:work-runtime:2.9.0] AndroidManifest.xml:126:13-37
209            <intent-filter>
209-->[androidx.work:work-runtime:2.9.0] AndroidManifest.xml:128:13-130:29
210                <action android:name="androidx.work.impl.background.systemalarm.UpdateProxies" />
210-->[androidx.work:work-runtime:2.9.0] AndroidManifest.xml:129:17-98
210-->[androidx.work:work-runtime:2.9.0] AndroidManifest.xml:129:25-95
211            </intent-filter>
212        </receiver>
213        <receiver
213-->[androidx.work:work-runtime:2.9.0] AndroidManifest.xml:132:9-142:20
214            android:name="androidx.work.impl.diagnostics.DiagnosticsReceiver"
214-->[androidx.work:work-runtime:2.9.0] AndroidManifest.xml:133:13-78
215            android:directBootAware="false"
215-->[androidx.work:work-runtime:2.9.0] AndroidManifest.xml:134:13-44
216            android:enabled="true"
216-->[androidx.work:work-runtime:2.9.0] AndroidManifest.xml:135:13-35
217            android:exported="true"
217-->[androidx.work:work-runtime:2.9.0] AndroidManifest.xml:136:13-36
218            android:permission="android.permission.DUMP" >
218-->[androidx.work:work-runtime:2.9.0] AndroidManifest.xml:137:13-57
219            <intent-filter>
219-->[androidx.work:work-runtime:2.9.0] AndroidManifest.xml:139:13-141:29
220                <action android:name="androidx.work.diagnostics.REQUEST_DIAGNOSTICS" />
220-->[androidx.work:work-runtime:2.9.0] AndroidManifest.xml:140:17-88
220-->[androidx.work:work-runtime:2.9.0] AndroidManifest.xml:140:25-85
221            </intent-filter>
222        </receiver>
223
224        <service
224-->[androidx.room:room-runtime:2.5.0] AndroidManifest.xml:24:9-28:63
225            android:name="androidx.room.MultiInstanceInvalidationService"
225-->[androidx.room:room-runtime:2.5.0] AndroidManifest.xml:25:13-74
226            android:directBootAware="true"
226-->[androidx.room:room-runtime:2.5.0] AndroidManifest.xml:26:13-43
227            android:exported="false" />
227-->[androidx.room:room-runtime:2.5.0] AndroidManifest.xml:27:13-37
228
229        <receiver
229-->[androidx.profileinstaller:profileinstaller:1.3.1] AndroidManifest.xml:34:9-52:20
230            android:name="androidx.profileinstaller.ProfileInstallReceiver"
230-->[androidx.profileinstaller:profileinstaller:1.3.1] AndroidManifest.xml:35:13-76
231            android:directBootAware="false"
231-->[androidx.profileinstaller:profileinstaller:1.3.1] AndroidManifest.xml:36:13-44
232            android:enabled="true"
232-->[androidx.profileinstaller:profileinstaller:1.3.1] AndroidManifest.xml:37:13-35
233            android:exported="true"
233-->[androidx.profileinstaller:profileinstaller:1.3.1] AndroidManifest.xml:38:13-36
234            android:permission="android.permission.DUMP" >
234-->[androidx.profileinstaller:profileinstaller:1.3.1] AndroidManifest.xml:39:13-57
235            <intent-filter>
235-->[androidx.profileinstaller:profileinstaller:1.3.1] AndroidManifest.xml:40:13-42:29
236                <action android:name="androidx.profileinstaller.action.INSTALL_PROFILE" />
236-->[androidx.profileinstaller:profileinstaller:1.3.1] AndroidManifest.xml:41:17-91
236-->[androidx.profileinstaller:profileinstaller:1.3.1] AndroidManifest.xml:41:25-88
237            </intent-filter>
238            <intent-filter>
238-->[androidx.profileinstaller:profileinstaller:1.3.1] AndroidManifest.xml:43:13-45:29
239                <action android:name="androidx.profileinstaller.action.SKIP_FILE" />
239-->[androidx.profileinstaller:profileinstaller:1.3.1] AndroidManifest.xml:44:17-85
239-->[androidx.profileinstaller:profileinstaller:1.3.1] AndroidManifest.xml:44:25-82
240            </intent-filter>
241            <intent-filter>
241-->[androidx.profileinstaller:profileinstaller:1.3.1] AndroidManifest.xml:46:13-48:29
242                <action android:name="androidx.profileinstaller.action.SAVE_PROFILE" />
242-->[androidx.profileinstaller:profileinstaller:1.3.1] AndroidManifest.xml:47:17-88
242-->[androidx.profileinstaller:profileinstaller:1.3.1] AndroidManifest.xml:47:25-85
243            </intent-filter>
244            <intent-filter>
244-->[androidx.profileinstaller:profileinstaller:1.3.1] AndroidManifest.xml:49:13-51:29
245                <action android:name="androidx.profileinstaller.action.BENCHMARK_OPERATION" />
245-->[androidx.profileinstaller:profileinstaller:1.3.1] AndroidManifest.xml:50:17-95
245-->[androidx.profileinstaller:profileinstaller:1.3.1] AndroidManifest.xml:50:25-92
246            </intent-filter>
247        </receiver>
248
249        <service
249-->[com.google.android.datatransport:transport-backend-cct:3.1.8] AndroidManifest.xml:28:9-34:19
250            android:name="com.google.android.datatransport.runtime.backends.TransportBackendDiscovery"
250-->[com.google.android.datatransport:transport-backend-cct:3.1.8] AndroidManifest.xml:29:13-103
251            android:exported="false" >
251-->[com.google.android.datatransport:transport-backend-cct:3.1.8] AndroidManifest.xml:30:13-37
252            <meta-data
252-->[com.google.android.datatransport:transport-backend-cct:3.1.8] AndroidManifest.xml:31:13-33:39
253                android:name="backend:com.google.android.datatransport.cct.CctBackendFactory"
253-->[com.google.android.datatransport:transport-backend-cct:3.1.8] AndroidManifest.xml:32:17-94
254                android:value="cct" />
254-->[com.google.android.datatransport:transport-backend-cct:3.1.8] AndroidManifest.xml:33:17-36
255        </service>
256        <service
256-->[com.google.android.datatransport:transport-runtime:3.1.8] AndroidManifest.xml:26:9-30:19
257            android:name="com.google.android.datatransport.runtime.scheduling.jobscheduling.JobInfoSchedulerService"
257-->[com.google.android.datatransport:transport-runtime:3.1.8] AndroidManifest.xml:27:13-117
258            android:exported="false"
258-->[com.google.android.datatransport:transport-runtime:3.1.8] AndroidManifest.xml:28:13-37
259            android:permission="android.permission.BIND_JOB_SERVICE" >
259-->[com.google.android.datatransport:transport-runtime:3.1.8] AndroidManifest.xml:29:13-69
260        </service>
261
262        <receiver
262-->[com.google.android.datatransport:transport-runtime:3.1.8] AndroidManifest.xml:32:9-34:40
263            android:name="com.google.android.datatransport.runtime.scheduling.jobscheduling.AlarmManagerSchedulerBroadcastReceiver"
263-->[com.google.android.datatransport:transport-runtime:3.1.8] AndroidManifest.xml:33:13-132
264            android:exported="false" />
264-->[com.google.android.datatransport:transport-runtime:3.1.8] AndroidManifest.xml:34:13-37
265
266        <activity
266-->[com.journeyapps:zxing-android-embedded:4.3.0] AndroidManifest.xml:47:9-53:63
267            android:name="com.journeyapps.barcodescanner.CaptureActivity"
267-->[com.journeyapps:zxing-android-embedded:4.3.0] AndroidManifest.xml:48:13-74
268            android:clearTaskOnLaunch="true"
268-->[com.journeyapps:zxing-android-embedded:4.3.0] AndroidManifest.xml:49:13-45
269            android:screenOrientation="sensorLandscape"
269-->[com.journeyapps:zxing-android-embedded:4.3.0] AndroidManifest.xml:50:13-56
270            android:stateNotNeeded="true"
270-->[com.journeyapps:zxing-android-embedded:4.3.0] AndroidManifest.xml:51:13-42
271            android:theme="@style/zxing_CaptureTheme"
271-->[com.journeyapps:zxing-android-embedded:4.3.0] AndroidManifest.xml:52:13-54
272            android:windowSoftInputMode="stateAlwaysHidden" />
272-->[com.journeyapps:zxing-android-embedded:4.3.0] AndroidManifest.xml:53:13-60
273    </application>
274
275</manifest>